Fonksiyon_01OperatörFonksiyon[i64 * i64]
	Cümle_07Assembly[mov rax, değer1
	mul değer2
	mov çarpım, rax]
Fonksiyon_01OperatörFonksiyon[i64 // i64]
	Cümle_07Assembly[mov rdx, 0
	mov rax, değer1
	div değer2
	mov bölüm, rax]
Fonksiyon_01OperatörFonksiyon[i64 + i64]
	Cümle_07Assembly[mov toplam, değer1
	add toplam, değer2]
Fonksiyon_01OperatörFonksiyon[i64 - i64]
	Cümle_07Assembly[mov fark, değer1
	sub fark, değer2]
Fonksiyon_02İsimliFonksiyon[exit]
	Cümle_07Assembly[xor rdi,rdi	# 0
	mov rax,60	# exit (60)
	syscall
	ret]
Fonksiyon_02İsimliFonksiyon[printhn]
	Cümle_08AssemblyData[enter:
	.octa	0
	.byte	10]
	Cümle_09AssemblyRoData[.hex:
	.string	"0123456789ABCDEF"]
	Cümle_07Assembly[mov rcx, 0
döngü:
	rol değer, 4
	mov rdx, değer
	and rdx, 0x0F
	mov dil, [.hex+rdx]
	mov [enter+rcx], dil
	inc rcx
	cmp rcx, 16
	jnz döngü

	mov rdx, 17		# 
	lea	rsi, enter	# 
	mov rdi, 1		# file descriptor : 1 - standard output
	mov rax, 1		# system call : write (1)
	syscall			# Call the kernel
	ret]
Fonksiyon_03AnaFonksiyon[]
	Cümle_01DeğişkenYeni[sayı1 i64 > 1]
	Cümle_10SabitAtama[255 i64 > 1]
	Cümle_01DeğişkenYeni[sayı2 i64 > 2]
	Cümle_10SabitAtama[15 i64 > 2]
	Cümle_01DeğişkenYeni[sayı3 i64 > 3]
	Cümle_10SabitAtama[255 i64 > 3]
	Cümle_01DeğişkenYeni[sayı4 i64 > 4]
	Cümle_10SabitAtama[15 i64 > 4]
	Cümle_01DeğişkenYeni[sayı5 i64 > 5]
	Cümle_06DeğişkenAtama[1 > 5]
	Cümle_01DeğişkenYeni[sayı6 i64 > 6]
	Cümle_06DeğişkenAtama[1 > 6]
	Cümle_01DeğişkenYeni[sayı7 i64 > 7]
	Cümle_06DeğişkenAtama[1 > 7]
	Cümle_01DeğişkenYeni[sayı8 i64 > 8]
	Cümle_06DeğişkenAtama[1 > 8]
	Cümle_06DeğişkenAtama[1 > 2]
	Cümle_06DeğişkenAtama[4 > 2]
	Cümle_10SabitAtama[123 i64 > 3]
	Cümle_10SabitAtama[123 i64 > 4]
	Cümle_04Operatörİşlemi[1 + 2 > 3]
	Cümle_04Operatörİşlemi[1 - 2 > 3]
	Cümle_04Operatörİşlemi[1 * 2 > 3]
	Cümle_04Operatörİşlemi[1 // 2 > 3]
	Cümle_02GeçiciDeğişkenYeni[i64 > -1]
	Cümle_10SabitAtama[123 i64 > -1]
	Cümle_04Operatörİşlemi[-1 + 2 > 3]
	Cümle_02GeçiciDeğişkenYeni[i64 > -2]
	Cümle_10SabitAtama[123 i64 > -2]
	Cümle_04Operatörİşlemi[-2 - 2 > 3]
	Cümle_02GeçiciDeğişkenYeni[i64 > -3]
	Cümle_10SabitAtama[123 i64 > -3]
	Cümle_04Operatörİşlemi[-3 * 2 > 3]
	Cümle_02GeçiciDeğişkenYeni[i64 > -4]
	Cümle_10SabitAtama[123 i64 > -4]
	Cümle_04Operatörİşlemi[-4 // 2 > 3]
	Cümle_02GeçiciDeğişkenYeni[i64 > -5]
	Cümle_10SabitAtama[123 i64 > -5]
	Cümle_04Operatörİşlemi[1 + -5 > 3]
	Cümle_02GeçiciDeğişkenYeni[i64 > -6]
	Cümle_10SabitAtama[123 i64 > -6]
	Cümle_04Operatörİşlemi[1 - -6 > 3]
	Cümle_02GeçiciDeğişkenYeni[i64 > -7]
	Cümle_10SabitAtama[123 i64 > -7]
	Cümle_04Operatörİşlemi[1 * -7 > 3]
	Cümle_02GeçiciDeğişkenYeni[i64 > -8]
	Cümle_10SabitAtama[123 i64 > -8]
	Cümle_04Operatörİşlemi[1 // -8 > 3]
	Cümle_02GeçiciDeğişkenYeni[i64 > -9]
	Cümle_10SabitAtama[1234 i64 > -9]
	Cümle_02GeçiciDeğişkenYeni[i64 > -10]
	Cümle_10SabitAtama[123 i64 > -10]
	Cümle_04Operatörİşlemi[-9 + -10 > 3]
	Cümle_02GeçiciDeğişkenYeni[i64 > -11]
	Cümle_10SabitAtama[1234 i64 > -11]
	Cümle_02GeçiciDeğişkenYeni[i64 > -12]
	Cümle_10SabitAtama[123 i64 > -12]
	Cümle_04Operatörİşlemi[-11 - -12 > 3]
	Cümle_02GeçiciDeğişkenYeni[i64 > -13]
	Cümle_10SabitAtama[1234 i64 > -13]
	Cümle_02GeçiciDeğişkenYeni[i64 > -14]
	Cümle_10SabitAtama[123 i64 > -14]
	Cümle_04Operatörİşlemi[-13 * -14 > 3]
	Cümle_02GeçiciDeğişkenYeni[i64 > -15]
	Cümle_10SabitAtama[1234 i64 > -15]
	Cümle_02GeçiciDeğişkenYeni[i64 > -16]
	Cümle_10SabitAtama[123 i64 > -16]
	Cümle_04Operatörİşlemi[-15 // -16 > 3]
	Cümle_01DeğişkenYeni[sayı11 i64 > 9]
	Cümle_04Operatörİşlemi[1 + 2 > 9]
	Cümle_01DeğişkenYeni[sayı12 i64 > 10]
	Cümle_04Operatörİşlemi[1 - 2 > 10]
	Cümle_01DeğişkenYeni[sayı13 i64 > 11]
	Cümle_04Operatörİşlemi[1 * 2 > 11]
	Cümle_01DeğişkenYeni[sayı14 i64 > 12]
	Cümle_04Operatörİşlemi[1 // 2 > 12]
	Cümle_02GeçiciDeğişkenYeni[i64 > -17]
	Cümle_05FonksiyonÇağrısı[printhn(1) > -17]
	Cümle_02GeçiciDeğişkenYeni[i64 > -18]
	Cümle_10SabitAtama[123 i64 > -18]
	Cümle_02GeçiciDeğişkenYeni[i64 > -19]
	Cümle_05FonksiyonÇağrısı[printhn(-18) > -19]
