Fonksiyon_01OperatörFonksiyon[i64 * i64]
	Cümle_07Assembly[mov rax, değer1
	mul değer2
	mov çarpım, rax]
Fonksiyon_01OperatörFonksiyon[i64 // i64]
	Cümle_07Assembly[mov rdx, 0
	mov rax, değer1
	div değer2
	mov bölüm, rax]
Fonksiyon_01OperatörFonksiyon[i64 + i64]
	Cümle_07Assembly[mov toplam, değer1
	add toplam, değer2]
Fonksiyon_01OperatörFonksiyon[i64 - i64]
	Cümle_07Assembly[mov fark, değer1
	sub fark, değer2]
Fonksiyon_02İsimliFonksiyon[exit]
	Cümle_07Assembly[xor rdi,rdi	# 0
	mov rax,60	# exit (60)
	syscall
	ret]
Fonksiyon_02İsimliFonksiyon[printhn]
	Cümle_08AssemblyData[enter:
	.octa	0
	.byte	10]
	Cümle_09AssemblyRoData[.hex:
	.string	"0123456789ABCDEF"]
	Cümle_07Assembly[mov rcx, 0
döngü:
	rol değer, 4
	mov rdx, değer
	and rdx, 0x0F
	mov dil, [.hex+rdx]
	mov [enter+rcx], dil
	inc rcx
	cmp rcx, 16
	jnz döngü

	mov rdx, 17		# 
	lea	rsi, enter	# 
	mov rdi, 1		# file descriptor : 1 - standard output
	mov rax, 1		# system call : write (1)
	syscall			# Call the kernel
	ret]
Fonksiyon_03AnaFonksiyon[]
	Cümle_01DeğişkenYeni[değer1 i64 > 1]
	Cümle_05SabitAtama[11 i64 > 1]
	Cümle_01DeğişkenYeni[değer2 i64 > 2]
	Cümle_05SabitAtama[22 i64 > 2]
	Cümle_01DeğişkenYeni[değer3 i64 > 3]
	Cümle_05SabitAtama[33 i64 > 3]
	Cümle_01DeğişkenYeni[değer4 i64 > 4]
	Cümle_05SabitAtama[44 i64 > 4]
	Cümle_01DeğişkenYeni[değer5 i64 > 5]
	Cümle_05SabitAtama[55 i64 > 5]
	Cümle_01DeğişkenYeni[sayı1 i64 > 6]
	Cümle_05SabitAtama[0 i64 > 6]
	Cümle_01DeğişkenYeni[sayı2 i64 > 7]
	Cümle_05SabitAtama[0 i64 > 7]
	Cümle_03Operatörİşlemi[2 + 1 > 6]
	Cümle_04FonksiyonÇağrısı[printhn(6) > -1]
	Cümle_03Operatörİşlemi[2 - 1 > 6]
	Cümle_04FonksiyonÇağrısı[printhn(6) > -2]
	Cümle_03Operatörİşlemi[2 * 1 > 6]
	Cümle_04FonksiyonÇağrısı[printhn(6) > -3]
	Cümle_03Operatörİşlemi[2 // 1 > 6]
	Cümle_04FonksiyonÇağrısı[printhn(6) > -4]
	Cümle_03Operatörİşlemi[7 + 1 > 7]
	Cümle_03Operatörİşlemi[7 + 2 > 7]
	Cümle_03Operatörİşlemi[7 + 3 > 7]
	Cümle_03Operatörİşlemi[7 + 4 > 7]
	Cümle_03Operatörİşlemi[7 + 5 > 7]
	Cümle_04FonksiyonÇağrısı[printhn(7) > -5]
