TİP_13ÖZELLİK TİP_01İSİM[arch] TİP_01İSİM[x86-64] TİP_06SATIR_SONU 
TİP_01İSİM[exit] TİP_14AÇPARANTEZ TİP_15KAPAPARANTEZ TİP_16AÇSÜSLÜ TİP_06SATIR_SONU 
TİP_13ÖZELLİK TİP_01İSİM[asm] TİP_06SATIR_SONU 
TİP_05METİN[xor rdi,rdi	# 0
	mov rax,60	# exit (60)
	syscall
	ret] TİP_06SATIR_SONU 
TİP_17KAPASÜSLÜ TİP_06SATIR_SONU 
TİP_13ÖZELLİK TİP_01İSİM[arch] TİP_01İSİM[x86-64] TİP_06SATIR_SONU 
TİP_01İSİM[inline] TİP_01İSİM[p1] TİP_14AÇPARANTEZ TİP_01İSİM[değer1] TİP_07DEĞİŞKEN_TİPİ TİP_01İSİM[i64] TİP_18VİRGÜL TİP_02OPERATÖR[+] TİP_18VİRGÜL TİP_01İSİM[değer2] TİP_07DEĞİŞKEN_TİPİ TİP_01İSİM[i64] TİP_15KAPAPARANTEZ TİP_01İSİM[toplam] TİP_07DEĞİŞKEN_TİPİ TİP_01İSİM[i64] TİP_16AÇSÜSLÜ TİP_06SATIR_SONU 
TİP_13ÖZELLİK TİP_01İSİM[asm] TİP_06SATIR_SONU 
TİP_05METİN[mov toplam, değer1
	add toplam, değer2] TİP_06SATIR_SONU 
TİP_17KAPASÜSLÜ TİP_06SATIR_SONU 
TİP_13ÖZELLİK TİP_01İSİM[arch] TİP_01İSİM[x86-64] TİP_06SATIR_SONU 
TİP_01İSİM[inline] TİP_01İSİM[p1] TİP_14AÇPARANTEZ TİP_01İSİM[değer1] TİP_07DEĞİŞKEN_TİPİ TİP_01İSİM[i64] TİP_18VİRGÜL TİP_02OPERATÖR[-] TİP_18VİRGÜL TİP_01İSİM[değer2] TİP_07DEĞİŞKEN_TİPİ TİP_01İSİM[i64] TİP_15KAPAPARANTEZ TİP_01İSİM[fark] TİP_07DEĞİŞKEN_TİPİ TİP_01İSİM[i64] TİP_16AÇSÜSLÜ TİP_06SATIR_SONU 
TİP_13ÖZELLİK TİP_01İSİM[asm] TİP_06SATIR_SONU 
TİP_05METİN[mov fark, değer1
	sub fark, değer2] TİP_06SATIR_SONU 
TİP_17KAPASÜSLÜ TİP_06SATIR_SONU 
TİP_13ÖZELLİK TİP_01İSİM[arch] TİP_01İSİM[x86-64] TİP_06SATIR_SONU 
TİP_13ÖZELLİK TİP_01İSİM[changed] TİP_01İSİM[rax] TİP_01İSİM[rdx] TİP_06SATIR_SONU 
TİP_01İSİM[inline] TİP_01İSİM[p2] TİP_14AÇPARANTEZ TİP_01İSİM[değer1] TİP_07DEĞİŞKEN_TİPİ TİP_01İSİM[i64] TİP_18VİRGÜL TİP_02OPERATÖR[*] TİP_18VİRGÜL TİP_01İSİM[değer2] TİP_07DEĞİŞKEN_TİPİ TİP_01İSİM[i64] TİP_15KAPAPARANTEZ TİP_01İSİM[çarpım] TİP_07DEĞİŞKEN_TİPİ TİP_01İSİM[i64] TİP_16AÇSÜSLÜ TİP_06SATIR_SONU 
TİP_13ÖZELLİK TİP_01İSİM[asm] TİP_06SATIR_SONU 
TİP_05METİN[mov rax, değer1
	mul değer2
	mov çarpım, rax] TİP_06SATIR_SONU 
TİP_17KAPASÜSLÜ TİP_06SATIR_SONU 
TİP_13ÖZELLİK TİP_01İSİM[arch] TİP_01İSİM[x86-64] TİP_06SATIR_SONU 
TİP_13ÖZELLİK TİP_01İSİM[changed] TİP_01İSİM[rax] TİP_01İSİM[rdx] TİP_06SATIR_SONU 
TİP_01İSİM[inline] TİP_01İSİM[p2] TİP_14AÇPARANTEZ TİP_01İSİM[değer1] TİP_07DEĞİŞKEN_TİPİ TİP_01İSİM[i64] TİP_18VİRGÜL TİP_02OPERATÖR[//] TİP_18VİRGÜL TİP_01İSİM[değer2] TİP_07DEĞİŞKEN_TİPİ TİP_01İSİM[i64] TİP_15KAPAPARANTEZ TİP_01İSİM[bölüm] TİP_07DEĞİŞKEN_TİPİ TİP_01İSİM[i64] TİP_16AÇSÜSLÜ TİP_06SATIR_SONU 
TİP_13ÖZELLİK TİP_01İSİM[asm] TİP_06SATIR_SONU 
TİP_05METİN[mov rdx, 0
	mov rax, değer1
	div değer2
	mov bölüm, rax] TİP_06SATIR_SONU 
TİP_17KAPASÜSLÜ TİP_06SATIR_SONU 
TİP_13ÖZELLİK TİP_01İSİM[arch] TİP_01İSİM[x86-64] TİP_06SATIR_SONU 
TİP_13ÖZELLİK TİP_01İSİM[changed] TİP_01İSİM[rax] TİP_01İSİM[rdx] TİP_01İSİM[...] TİP_06SATIR_SONU 
TİP_01İSİM[println] TİP_14AÇPARANTEZ TİP_01İSİM[değer] TİP_07DEĞİŞKEN_TİPİ TİP_01İSİM[rax] TİP_15KAPAPARANTEZ TİP_16AÇSÜSLÜ TİP_06SATIR_SONU 
TİP_13ÖZELLİK TİP_01İSİM[asm-data] TİP_06SATIR_SONU 
TİP_05METİN[enter:
	.octa	0
	.byte	10] TİP_06SATIR_SONU 
TİP_13ÖZELLİK TİP_01İSİM[asm-rodata] TİP_06SATIR_SONU 
TİP_05METİN[.hex:
	.string	"0123456789ABCDEF"] TİP_06SATIR_SONU 
TİP_13ÖZELLİK TİP_01İSİM[asm] TİP_06SATIR_SONU 
TİP_05METİN[mov rcx, 0
döngü:
	rol değer, 4
	mov rdx, değer
	and rdx, 0x0F
	mov dil, [.hex+rdx]
	mov [enter+rcx], dil
	inc rcx
	cmp rcx, 16
	jnz döngü

	mov rdx, 17		# 
	lea	rsi, enter	# 
	mov rdi, 1		# file descriptor : 1 - standard output
	mov rax, 1		# system call : write (1)
	syscall			# Call the kernel
	ret] TİP_06SATIR_SONU 
TİP_17KAPASÜSLÜ TİP_06SATIR_SONU 
TİP_01İSİM[sayı1] TİP_07DEĞİŞKEN_TİPİ TİP_01İSİM[i64] TİP_09ATAMA_SOLA TİP_03TAM_SAYI[255] TİP_06SATIR_SONU 
TİP_01İSİM[sayı1] TİP_08NOKTA TİP_01İSİM[println] TİP_06SATIR_SONU 
TİP_01İSİM[sayı2] TİP_11TANIMLAMA_SOLA TİP_03TAM_SAYI[15] TİP_06SATIR_SONU 
TİP_01İSİM[sayı2] TİP_08NOKTA TİP_01İSİM[println] TİP_06SATIR_SONU 
TİP_01İSİM[sayı2] TİP_08NOKTA TİP_01İSİM[println] TİP_06SATIR_SONU 
TİP_03TAM_SAYI[255] TİP_10ATAMA_SAĞA TİP_01İSİM[sayı3] TİP_07DEĞİŞKEN_TİPİ TİP_01İSİM[i64] TİP_06SATIR_SONU 
TİP_01İSİM[sayı3] TİP_08NOKTA TİP_01İSİM[println] TİP_06SATIR_SONU 
TİP_03TAM_SAYI[15] TİP_12TANIMLAMA_SAĞA TİP_01İSİM[sayı4] TİP_06SATIR_SONU 
TİP_01İSİM[sayı4] TİP_08NOKTA TİP_01İSİM[println] TİP_06SATIR_SONU 
TİP_01İSİM[sayı1] TİP_10ATAMA_SAĞA TİP_01İSİM[sayı2] TİP_06SATIR_SONU 
TİP_01İSİM[sayı2] TİP_09ATAMA_SOLA TİP_01İSİM[sayı4] TİP_06SATIR_SONU 
TİP_01İSİM[sayı1] TİP_02OPERATÖR[+] TİP_01İSİM[sayı2] TİP_10ATAMA_SAĞA TİP_01İSİM[sayı3] TİP_06SATIR_SONU 
TİP_01İSİM[sayı3] TİP_08NOKTA TİP_01İSİM[println] TİP_06SATIR_SONU 
TİP_01İSİM[sayı1] TİP_02OPERATÖR[-] TİP_01İSİM[sayı2] TİP_10ATAMA_SAĞA TİP_01İSİM[sayı3] TİP_06SATIR_SONU 
TİP_01İSİM[sayı3] TİP_08NOKTA TİP_01İSİM[println] TİP_06SATIR_SONU 
TİP_01İSİM[sayı3] TİP_09ATAMA_SOLA TİP_01İSİM[sayı1] TİP_02OPERATÖR[*] TİP_01İSİM[sayı2] TİP_06SATIR_SONU 
TİP_01İSİM[sayı3] TİP_08NOKTA TİP_01İSİM[println] TİP_06SATIR_SONU 
TİP_01İSİM[sayı1] TİP_08NOKTA TİP_01İSİM[println] TİP_06SATIR_SONU 
TİP_01İSİM[sayı2] TİP_08NOKTA TİP_01İSİM[println] TİP_06SATIR_SONU 
TİP_01İSİM[sayı3] TİP_09ATAMA_SOLA TİP_01İSİM[sayı1] TİP_02OPERATÖR[//] TİP_01İSİM[sayı2] TİP_06SATIR_SONU 
TİP_01İSİM[sayı3] TİP_08NOKTA TİP_01İSİM[println] TİP_06SATIR_SONU 
